<?xml version="1.0" encoding="UTF-8"?>
<testng-results ignored="0" total="1" passed="0" failed="1" skipped="0">
  <reporter-output>
    <line>
      <![CDATA[Seeting up reports and test is getting ready]]>
    </line>
    <line>
      <![CDATA[Seeting done- test can be started..]]>
    </line>
    <line>
      <![CDATA[Trying to start browser and getting application ready]]>
    </line>
    <line>
      <![CDATA[browser and application up and running]]>
    </line>
    <line>
      <![CDATA[Start executing Login test]]>
    </line>
    <line>
      <![CDATA[End Login test..]]>
    </line>
    <line>
      <![CDATA[Start clicking on setup ]]>
    </line>
    <line>
      <![CDATA[clicking on setup sucessfully done ]]>
    </line>
    <line>
      <![CDATA[start creating new learning assessment  ]]>
    </line>
    <line>
      <![CDATA[Clicking on + icon ]]>
    </line>
    <line>
      <![CDATA[Entering title of the assessment]]>
    </line>
    <line>
      <![CDATA[selecting start date of the assessment]]>
    </line>
    <line>
      <![CDATA[selecting End date of the assessment]]>
    </line>
    <line>
      <![CDATA[selecting No. of activity of the assessment]]>
    </line>
    <line>
      <![CDATA[Clicking on autoenroll]]>
    </line>
    <line>
      <![CDATA[Clicking on proceed to activities button]]>
    </line>
    <line>
      <![CDATA[End of assessment page]]>
    </line>
    <line>
      <![CDATA[Start Configuring assessment activity]]>
    </line>
    <line>
      <![CDATA[Clicking on Activity dropdown]]>
    </line>
    <line>
      <![CDATA[Selecting ativity]]>
    </line>
    <line>
      <![CDATA[Clicking on save button]]>
    </line>
    <line>
      <![CDATA[Clicking on gear wheel icon]]>
    </line>
    <line>
      <![CDATA[End of configure assessment activity page]]>
    </line>
    <line>
      <![CDATA[Starting to Setup Psychometric activity]]>
    </line>
    <line>
      <![CDATA[Entering the Title]]>
    </line>
    <line>
      <![CDATA[Selecting Levels]]>
    </line>
    <line>
      <![CDATA[Selecting Competencies]]>
    </line>
    <line>
      <![CDATA[Clicking on Save Button]]>
    </line>
    <line>
      <![CDATA[Clicking on upload Button]]>
    </line>
    <line>
      <![CDATA[Clicking on Save Button]]>
    </line>
    <line>
      <![CDATA[Test is about to end]]>
    </line>
    <line>
      <![CDATA[Test completed >>>Reports Generated]]>
    </line>
  </reporter-output>
  <suite started-at="2022-09-28T13:40:21 IST" name="Default suite" finished-at="2022-09-28T13:41:03 IST" duration-ms="42457">
    <groups>
    </groups>
    <test started-at="2022-09-28T13:40:21 IST" name="Default test" finished-at="2022-09-28T13:41:03 IST" duration-ms="42457">
      <class name="espl.LA.testCases.PsychometricTest">
        <test-method is-config="true" signature="setUpSuit()[pri:0, instance:espl.LA.testCases.PsychometricTest@481a996b]" started-at="2022-09-28T13:40:21 IST" name="setUpSuit" finished-at="2022-09-28T13:40:21 IST" duration-ms="310" status="PASS">
          <reporter-output>
            <line>
              <![CDATA[Seeting up reports and test is getting ready]]>
            </line>
            <line>
              <![CDATA[Seeting done- test can be started..]]>
            </line>
          </reporter-output>
        </test-method> <!-- setUpSuit -->
        <test-method is-config="true" signature="setup()[pri:0, instance:espl.LA.testCases.PsychometricTest@481a996b]" started-at="2022-09-28T13:40:21 IST" name="setup" finished-at="2022-09-28T13:40:33 IST" duration-ms="11667" status="PASS">
          <reporter-output>
            <line>
              <![CDATA[Trying to start browser and getting application ready]]>
            </line>
            <line>
              <![CDATA[browser and application up and running]]>
            </line>
          </reporter-output>
        </test-method> <!-- setup -->
        <test-method signature="LearningAssessmentTest()[pri:0, instance:espl.LA.testCases.PsychometricTest@481a996b]" started-at="2022-09-28T13:40:33 IST" name="LearningAssessmentTest" finished-at="2022-09-28T13:41:03 IST" duration-ms="29756" status="FAIL">
          <exception class="org.openqa.selenium.ElementClickInterceptedException">
            <message>
              <![CDATA[element click intercepted: Element is not clickable at point (779, 628)
  (Session info: chrome=105.0.5195.127)
Build info: version: '3.141.59', revision: 'e82be7d358', time: '2018-11-14T08:17:03'
System info: host: 'SHIANTU', ip: '192.168.1.4', os.name: 'Windows 10', os.arch: 'amd64', os.version: '10.0', java.version: '15.0.2'
Driver info: org.openqa.selenium.chrome.ChromeDriver
Capabilities {acceptInsecureCerts: false, browserName: chrome, browserVersion: 105.0.5195.127, chrome: {chromedriverVersion: 105.0.5195.52 (412c95e51883..., userDataDir: C:\Users\HP\AppData\Local\T...}, goog:chromeOptions: {debuggerAddress: localhost:62137}, javascriptEnabled: true, networkConnectionEnabled: false, pageLoadStrategy: normal, platform: WINDOWS, platformName: WINDOWS, proxy: Proxy(), setWindowRect: true, strictFileInteractability: false, timeouts: {implicit: 0, pageLoad: 300000, script: 30000}, unhandledPromptBehavior: dismiss and notify, webauthn:extension:credBlob: true, webauthn:extension:largeBlob: true, webauthn:virtualAuthenticators: true}
Session ID: e6995533cac69758c1897d8430cdcb1a]]>
            </message>
            <full-stacktrace>
              <![CDATA[org.openqa.selenium.ElementClickInterceptedException: element click intercepted: Element is not clickable at point (779, 628)
  (Session info: chrome=105.0.5195.127)
Build info: version: '3.141.59', revision: 'e82be7d358', time: '2018-11-14T08:17:03'
System info: host: 'SHIANTU', ip: '192.168.1.4', os.name: 'Windows 10', os.arch: 'amd64', os.version: '10.0', java.version: '15.0.2'
Driver info: org.openqa.selenium.chrome.ChromeDriver
Capabilities {acceptInsecureCerts: false, browserName: chrome, browserVersion: 105.0.5195.127, chrome: {chromedriverVersion: 105.0.5195.52 (412c95e51883..., userDataDir: C:\Users\HP\AppData\Local\T...}, goog:chromeOptions: {debuggerAddress: localhost:62137}, javascriptEnabled: true, networkConnectionEnabled: false, pageLoadStrategy: normal, platform: WINDOWS, platformName: WINDOWS, proxy: Proxy(), setWindowRect: true, strictFileInteractability: false, timeouts: {implicit: 0, pageLoad: 300000, script: 30000}, unhandledPromptBehavior: dismiss and notify, webauthn:extension:credBlob: true, webauthn:extension:largeBlob: true, webauthn:virtualAuthenticators: true}
Session ID: e6995533cac69758c1897d8430cdcb1a
at java.base/jdk.internal.reflect.NativeConstructorAccessorImpl.newInstance0(Native Method)
at java.base/jdk.internal.reflect.NativeConstructorAccessorImpl.newInstance(NativeConstructorAccessorImpl.java:64)
at java.base/jdk.internal.reflect.DelegatingConstructorAccessorImpl.newInstance(DelegatingConstructorAccessorImpl.java:45)
at java.base/java.lang.reflect.Constructor.newInstanceWithCaller(Constructor.java:500)
at java.base/java.lang.reflect.Constructor.newInstance(Constructor.java:481)
at org.openqa.selenium.remote.http.W3CHttpResponseCodec.createException(W3CHttpResponseCodec.java:187)
at org.openqa.selenium.remote.http.W3CHttpResponseCodec.decode(W3CHttpResponseCodec.java:122)
at org.openqa.selenium.remote.http.W3CHttpResponseCodec.decode(W3CHttpResponseCodec.java:49)
at org.openqa.selenium.remote.HttpCommandExecutor.execute(HttpCommandExecutor.java:158)
at org.openqa.selenium.remote.service.DriverCommandExecutor.execute(DriverCommandExecutor.java:83)
at org.openqa.selenium.remote.RemoteWebDriver.execute(RemoteWebDriver.java:552)
at org.openqa.selenium.remote.RemoteWebElement.execute(RemoteWebElement.java:285)
at org.openqa.selenium.remote.RemoteWebElement.click(RemoteWebElement.java:84)
at jdk.internal.reflect.GeneratedMethodAccessor2.invoke(Unknown Source)
at java.base/jdk.internal.reflect.DelegatingMethodAccessorImpl.invoke(DelegatingMethodAccessorImpl.java:43)
at java.base/java.lang.reflect.Method.invoke(Method.java:564)
at org.openqa.selenium.support.pagefactory.internal.LocatingElementHandler.invoke(LocatingElementHandler.java:51)
at com.sun.proxy.$Proxy13.click(Unknown Source)
at espl.LA.pageObjects.PsychometricPage.ClickOnSave(PsychometricPage.java:105)
at espl.LA.testCases.PsychometricTest.LearningAssessmentTest(PsychometricTest.java:166)
at java.base/jdk.internal.reflect.NativeMethodAccessorImpl.invoke0(Native Method)
at java.base/jdk.internal.reflect.NativeMethodAccessorImpl.invoke(NativeMethodAccessorImpl.java:64)
at java.base/jdk.internal.reflect.DelegatingMethodAccessorImpl.invoke(DelegatingMethodAccessorImpl.java:43)
at java.base/java.lang.reflect.Method.invoke(Method.java:564)
at org.testng.internal.MethodInvocationHelper.invokeMethod(MethodInvocationHelper.java:133)
at org.testng.internal.TestInvoker.invokeMethod(TestInvoker.java:598)
at org.testng.internal.TestInvoker.invokeTestMethod(TestInvoker.java:173)
at org.testng.internal.MethodRunner.runInSequence(MethodRunner.java:46)
at org.testng.internal.TestInvoker$MethodInvocationAgent.invoke(TestInvoker.java:824)
at org.testng.internal.TestInvoker.invokeTestMethods(TestInvoker.java:146)
at org.testng.internal.TestMethodWorker.invokeTestMethods(TestMethodWorker.java:146)
at org.testng.internal.TestMethodWorker.run(TestMethodWorker.java:128)
at java.base/java.util.ArrayList.forEach(ArrayList.java:1511)
at org.testng.TestRunner.privateRun(TestRunner.java:794)
at org.testng.TestRunner.run(TestRunner.java:596)
at org.testng.SuiteRunner.runTest(SuiteRunner.java:377)
at org.testng.SuiteRunner.runSequentially(SuiteRunner.java:371)
at org.testng.SuiteRunner.privateRun(SuiteRunner.java:332)
at org.testng.SuiteRunner.run(SuiteRunner.java:276)
at org.testng.SuiteRunnerWorker.runSuite(SuiteRunnerWorker.java:53)
at org.testng.SuiteRunnerWorker.run(SuiteRunnerWorker.java:96)
at org.testng.TestNG.runSuitesSequentially(TestNG.java:1212)
at org.testng.TestNG.runSuitesLocally(TestNG.java:1134)
at org.testng.TestNG.runSuites(TestNG.java:1063)
at org.testng.TestNG.run(TestNG.java:1031)
at org.testng.remote.AbstractRemoteTestNG.run(AbstractRemoteTestNG.java:115)
at org.testng.remote.RemoteTestNG.initAndRun(RemoteTestNG.java:251)
at org.testng.remote.RemoteTestNG.main(RemoteTestNG.java:77)
]]>
            </full-stacktrace>
          </exception> <!-- org.openqa.selenium.ElementClickInterceptedException -->
          <reporter-output>
            <line>
              <![CDATA[Start executing Login test]]>
            </line>
            <line>
              <![CDATA[End Login test..]]>
            </line>
            <line>
              <![CDATA[Start clicking on setup ]]>
            </line>
            <line>
              <![CDATA[clicking on setup sucessfully done ]]>
            </line>
            <line>
              <![CDATA[start creating new learning assessment  ]]>
            </line>
            <line>
              <![CDATA[Clicking on + icon ]]>
            </line>
            <line>
              <![CDATA[Entering title of the assessment]]>
            </line>
            <line>
              <![CDATA[selecting start date of the assessment]]>
            </line>
            <line>
              <![CDATA[selecting End date of the assessment]]>
            </line>
            <line>
              <![CDATA[selecting No. of activity of the assessment]]>
            </line>
            <line>
              <![CDATA[Clicking on autoenroll]]>
            </line>
            <line>
              <![CDATA[Clicking on proceed to activities button]]>
            </line>
            <line>
              <![CDATA[End of assessment page]]>
            </line>
            <line>
              <![CDATA[Start Configuring assessment activity]]>
            </line>
            <line>
              <![CDATA[Clicking on Activity dropdown]]>
            </line>
            <line>
              <![CDATA[Selecting ativity]]>
            </line>
            <line>
              <![CDATA[Clicking on save button]]>
            </line>
            <line>
              <![CDATA[Clicking on gear wheel icon]]>
            </line>
            <line>
              <![CDATA[End of configure assessment activity page]]>
            </line>
            <line>
              <![CDATA[Starting to Setup Psychometric activity]]>
            </line>
            <line>
              <![CDATA[Entering the Title]]>
            </line>
            <line>
              <![CDATA[Selecting Levels]]>
            </line>
            <line>
              <![CDATA[Selecting Competencies]]>
            </line>
            <line>
              <![CDATA[Clicking on Save Button]]>
            </line>
            <line>
              <![CDATA[Clicking on upload Button]]>
            </line>
            <line>
              <![CDATA[Clicking on Save Button]]>
            </line>
          </reporter-output>
        </test-method> <!-- LearningAssessmentTest -->
        <test-method is-config="true" signature="tearDownMethod(org.testng.ITestResult)[pri:0, instance:espl.LA.testCases.PsychometricTest@481a996b]" started-at="2022-09-28T13:41:03 IST" name="tearDownMethod" finished-at="2022-09-28T13:41:03 IST" duration-ms="963" status="PASS">
          <params>
            <param index="0">
              <value>
                <![CDATA[[TestResult name=LearningAssessmentTest status=FAILURE method=PsychometricTest.LearningAssessmentTest()[pri:0, instance:espl.LA.testCases.PsychometricTest@481a996b] output=Start executing Login test]]]>
              </value>
            </param>
          </params>
          <reporter-output>
            <line>
              <![CDATA[Test is about to end]]>
            </line>
            <line>
              <![CDATA[Test completed >>>Reports Generated]]>
            </line>
          </reporter-output>
        </test-method> <!-- tearDownMethod -->
      </class> <!-- espl.LA.testCases.PsychometricTest -->
    </test> <!-- Default test -->
  </suite> <!-- Default suite -->
</testng-results>
